<?xml version="1.0" encoding="UTF-8"?>
<Site BuildName="(empty)"
	BuildStamp="20250914-0858-Experimental"
	Name="labNVXMF8"
	Generator="ctest-3.22.1"
	CompilerName="/usr/bin/c++"
	CompilerVersion="11.4.0"
	OSName="Linux"
	Hostname="labNVXMF8"
	OSRelease="6.8.0-1034-azure"
	OSVersion="#39~22.04.1-Ubuntu SMP Wed Aug 13 22:25:47 UTC 2025"
	OSPlatform="x86_64"
	Is64Bits="1"
	VendorString="GenuineIntel"
	VendorID="Intel Corporation"
	FamilyID="6"
	ModelID="85"
	ProcessorCacheSize="33792"
	NumberOfLogicalCPU="8"
	NumberOfPhysicalCPU="4"
	TotalVirtualMemory="0"
	TotalPhysicalMemory="15994"
	LogicalProcessorsPerPhysical="2"
	ProcessorClockFrequency="2693.67"
	>
	<Testing>
		<StartDateTime>Sep 14 08:58 UTC</StartDateTime>
		<StartTestTime>1757840337</StartTestTime>
		<TestList/>
		<EndDateTime>Sep 14 08:58 UTC</EndDateTime>
		<EndTestTime>1757840337</EndTestTime>
		<ElapsedMinutes>0</ElapsedMinutes>
	</Testing>
</Site>
